# JRE version: OpenJDK Runtime Environment Corretto-25.0.2.10.1 (25.0.2+10) (build 25.0.2+10-LTS)
# Java VM: OpenJDK 64-Bit Server VM Corretto-25.0.2.10.1 (25.0.2+10-LTS, mixed mode, emulated-client, sharing, tiered, compressed oops, compressed class ptrs, g1 gc, windows-amd64)
GC Precious Log:
 CardTable entry size: 512
 Card Set container configuration: InlinePtr #cards 4 size 8 Array Of Cards #cards 32 size 80 Howl #buckets 8 coarsen threshold 7372 Howl Bitmap #cards 1024 size 144 coarsen threshold 921 Card regions per heap region 1 cards per card region 8192
 CPUs: 16 total, 16 available
 Memory: 28476M
 Large Page Support: Disabled
 NUMA Support: Disabled
 Compressed Oops: Enabled (Zero based)
 Heap Region Size: 4M
 Heap Min Capacity: 8M
 Heap Initial Capacity: 448M
 Heap Max Capacity: 7120M
 Pre-touch: Disabled
 Parallel Workers: 13
 Concurrent Workers: 3
 Concurrent Refinement Workers: 13
 Periodic GC: Disabled
Heap:
 garbage-first heap   total reserved 7290880K, committed 81920K, used 61256K [0x0000000643000000, 0x0000000800000000)
  region size 4096K, 10 young (40960K), 2 survivors (8192K)
GC Heap Usage History (20 events):
Event: 273.868 {heap After GC invocations=32 (full 13):
 garbage-first heap   total reserved 7290880K, committed 81920K, used 28344K [0x0000000643000000, 0x0000000800000000)
  region size 4096K, 2 young (8192K), 2 survivors (8192K)
}
Event: 281.081 {heap Before GC invocations=32 (full 13):
 garbage-first heap   total reserved 7290880K, committed 81920K, used 57016K [0x0000000643000000, 0x0000000800000000)
  region size 4096K, 10 young (40960K), 2 survivors (8192K)
}
Event: 281.085 {heap After GC invocations=33 (full 13):
 garbage-first heap   total reserved 7290880K, committed 81920K, used 28297K [0x0000000643000000, 0x0000000800000000)
  region size 4096K, 2 young (8192K), 2 survivors (8192K)
}
Event: 287.873 {heap Before GC invocations=33 (full 13):
 garbage-first heap   total reserved 7290880K, committed 81920K, used 61065K [0x0000000643000000, 0x0000000800000000)
  region size 4096K, 10 young (40960K), 2 survivors (8192K)
}
Event: 287.877 {heap After GC invocations=34 (full 13):
 garbage-first heap   total reserved 7290880K, committed 81920K, used 25379K [0x0000000643000000, 0x0000000800000000)
  region size 4096K, 1 young (4096K), 1 survivors (4096K)
}
Event: 302.722 {heap Before GC invocations=34 (full 13):
 garbage-first heap   total reserved 7290880K, committed 81920K, used 62243K [0x0000000643000000, 0x0000000800000000)
  region size 4096K, 10 young (40960K), 1 survivors (4096K)
}
Event: 302.726 {heap After GC invocations=35 (full 13):
 garbage-first heap   total reserved 7290880K, committed 81920K, used 26431K [0x0000000643000000, 0x0000000800000000)
  region size 4096K, 1 young (4096K), 1 survivors (4096K)
}
Event: 311.603 {heap Before GC invocations=35 (full 13):
 garbage-first heap   total reserved 7290880K, committed 81920K, used 63295K [0x0000000643000000, 0x0000000800000000)
  region size 4096K, 11 young (45056K), 1 survivors (4096K)
}
Event: 311.607 {heap After GC invocations=36 (full 13):
 garbage-first heap   total reserved 7290880K, committed 81920K, used 28039K [0x0000000643000000, 0x0000000800000000)
  region size 4096K, 1 young (4096K), 1 survivors (4096K)
}
Event: 325.916 {heap Before GC invocations=36 (full 13):
 garbage-first heap   total reserved 7290880K, committed 81920K, used 68999K [0x0000000643000000, 0x0000000800000000)
  region size 4096K, 11 young (45056K), 1 survivors (4096K)
}
Event: 325.919 {heap After GC invocations=37 (full 13):
 garbage-first heap   total reserved 7290880K, committed 81920K, used 28373K [0x0000000643000000, 0x0000000800000000)
  region size 4096K, 2 young (8192K), 2 survivors (8192K)
}
Event: 328.690 {heap Before GC invocations=37 (full 13):
 garbage-first heap   total reserved 7290880K, committed 81920K, used 61141K [0x0000000643000000, 0x0000000800000000)
  region size 4096K, 10 young (40960K), 2 survivors (8192K)
}
Event: 328.693 {heap After GC invocations=38 (full 13):
 garbage-first heap   total reserved 7290880K, committed 81920K, used 25492K [0x0000000643000000, 0x0000000800000000)
  region size 4096K, 1 young (4096K), 1 survivors (4096K)
}
Event: 333.506 {heap Before GC invocations=38 (full 13):
 garbage-first heap   total reserved 7290880K, committed 81920K, used 62356K [0x0000000643000000, 0x0000000800000000)
  region size 4096K, 11 young (45056K), 1 survivors (4096K)
}
Event: 333.509 {heap After GC invocations=39 (full 13):
 garbage-first heap   total reserved 7290880K, committed 81920K, used 27709K [0x0000000643000000, 0x0000000800000000)
  region size 4096K, 1 young (4096K), 1 survivors (4096K)
}
Event: 340.403 {heap Before GC invocations=39 (full 13):
 garbage-first heap   total reserved 7290880K, committed 81920K, used 68669K [0x0000000643000000, 0x0000000800000000)
  region size 4096K, 11 young (45056K), 1 survivors (4096K)
}
Event: 340.407 {heap After GC invocations=40 (full 13):
 garbage-first heap   total reserved 7290880K, committed 81920K, used 28857K [0x0000000643000000, 0x0000000800000000)
  region size 4096K, 2 young (8192K), 2 survivors (8192K)
}
Event: 347.586 {heap Before GC invocations=40 (full 13):
 garbage-first heap   total reserved 7290880K, committed 81920K, used 57529K [0x0000000643000000, 0x0000000800000000)
  region size 4096K, 10 young (40960K), 2 survivors (8192K)
}
Event: 347.592 {heap After GC invocations=41 (full 13):
 garbage-first heap   total reserved 7290880K, committed 81920K, used 28488K [0x0000000643000000, 0x0000000800000000)
  region size 4096K, 1 young (4096K), 1 survivors (4096K)
}
Event: 360.039 {heap Before GC invocations=41 (full 13):
 garbage-first heap   total reserved 7290880K, committed 81920K, used 61256K [0x0000000643000000, 0x0000000800000000)
  region size 4096K, 9 young (36864K), 1 survivors (4096K)
}

